<?xml version="1.0" encoding="UTF-8" standalone="yes"?>
<ns2:test-suite start="1492872706077" stop="1492872725577" version="1.4.23" xmlns:ns2="urn:model.allure.qatools.yandex.ru">
    <name>Default Suite : iitfrontend</name>
    <title>Default Suite : iitfrontend</title>
    <test-cases>
        <test-case start="1492872712254" stop="1492872724350" status="failed">
            <name>InformationAboutCategory</name>
            <failure>
                <message>AssertionError: expected [Набор данных позволяет получить подробную информацию о наименовании парков, их местонахождении, сайте, телефоне, информации о наличии водоема, детских и спортивных площадок.] but found [Набор данных позволяет получить подробную информацию об аквапарках, посмотреть их местоположение на карте, уточнить наименование, полный перечень оказываемых услуг, точный адрес и график работы.]</message>
                <stack-trace>java.lang.AssertionError: expected [Набор данных позволяет получить подробную информацию о наименовании парков, их местонахождении, сайте, телефоне, информации о наличии водоема, детских и спортивных площадок.] but found [Набор данных позволяет получить подробную информацию об аквапарках, посмотреть их местоположение на карте, уточнить наименование, полный перечень оказываемых услуг, точный адрес и график работы.]
	at org.testng.Assert.fail(Assert.java:94)
	at org.testng.Assert.failNotEquals(Assert.java:494)
	at org.testng.Assert.assertEquals(Assert.java:123)
	at org.testng.Assert.assertEquals(Assert.java:176)
	at org.testng.Assert.assertEquals(Assert.java:186)
	at com.example.tests.MainPageTest.InformationAboutCategory(MainPageTest.java:126)
	at sun.reflect.NativeMethodAccessorImpl.invoke0(Native Method)
	at sun.reflect.NativeMethodAccessorImpl.invoke(NativeMethodAccessorImpl.java:62)
	at sun.reflect.DelegatingMethodAccessorImpl.invoke(DelegatingMethodAccessorImpl.java:43)
	at java.lang.reflect.Method.invoke(Method.java:498)
	at org.testng.internal.MethodInvocationHelper.invokeMethod(MethodInvocationHelper.java:80)
	at org.testng.internal.Invoker.invokeMethod(Invoker.java:714)
	at org.testng.internal.Invoker.invokeTestMethod(Invoker.java:901)
	at org.testng.internal.Invoker.invokeTestMethods(Invoker.java:1231)
	at org.testng.internal.TestMethodWorker.invokeTestMethods(TestMethodWorker.java:127)
	at org.testng.internal.TestMethodWorker.run(TestMethodWorker.java:111)
	at org.testng.TestRunner.privateRun(TestRunner.java:767)
	at org.testng.TestRunner.run(TestRunner.java:617)
	at org.testng.SuiteRunner.runTest(SuiteRunner.java:334)
	at org.testng.SuiteRunner.runSequentially(SuiteRunner.java:329)
	at org.testng.SuiteRunner.privateRun(SuiteRunner.java:291)
	at org.testng.SuiteRunner.run(SuiteRunner.java:240)
	at org.testng.SuiteRunnerWorker.runSuite(SuiteRunnerWorker.java:52)
	at org.testng.SuiteRunnerWorker.run(SuiteRunnerWorker.java:86)
	at org.testng.TestNG.runSuitesSequentially(TestNG.java:1198)
	at org.testng.TestNG.runSuitesLocally(TestNG.java:1123)
	at org.testng.TestNG.run(TestNG.java:1031)
	at org.testng.IDEARemoteTestNG.run(IDEARemoteTestNG.java:72)
	at org.testng.RemoteTestNGStarter.main(RemoteTestNGStarter.java:127)
</stack-trace>
            </failure>
            <steps/>
            <attachments>
                <attachment title="screenshot" source="d38f87fd-6e12-4489-9d0c-7e50ed95673f-attachment.png" type="image/png"/>
            </attachments>
            <labels>
                <label name="host" value="DESKTOP-JMMP3ER"/>
                <label name="thread" value="8744@DESKTOP-JMMP3ER.main(1)"/>
            </labels>
        </test-case>
    </test-cases>
    <labels>
        <label name="framework" value="TestNG"/>
        <label name="language" value="JAVA"/>
    </labels>
</ns2:test-suite>
